<?xml version="1.0" encoding="UTF-8"?>
<testsuite name="SILab2Test" tests="2" skipped="0" failures="0" errors="0" timestamp="2021-05-31T13:08:39" hostname="DESKTOP-QU5HGO5" time="0.037">
  <properties/>
  <testcase name="Every_branch()" classname="SILab2Test" time="0.034"/>
  <testcase name="Multiple_condition()" classname="SILab2Test" time="0.002"/>
  <system-out><![CDATA[]]></system-out>
  <system-err><![CDATA[]]></system-err>
</testsuite>
